<?xml version="1.0" encoding="UTF-8"?>
<!-- Generated by org.testng.reporters.JUnitXMLReporter -->
<testsuite hostname="192-168-1-114.tpgi.com.au" ignored="0" name="BankingApp Test" tests="2" failures="0" timestamp="10 Mar 2021 23:26:13 GMT" time="30.676" errors="0">
  <testcase name="loginTest" time="2.02" classname="com.inetbanking.testCases.TC_LoginTest_001"/>
  <testcase name="addNewCustomer" time="19.901" classname="com.inetbanking.testCases.TC_AddCustomerTest_003"/>
</testsuite> <!-- BankingApp Test -->
