<?xml version="1.0" encoding="UTF-8"?>
<testng-results skipped="0" failed="0" ignored="0" total="2" passed="2">
  <reporter-output>
  </reporter-output>
  <suite name="InetBankingV1" duration-ms="24855" started-at="2021-03-14T23:32:46Z" finished-at="2021-03-14T23:33:11Z">
    <groups>
    </groups>
    <test name="BankingApp Test" duration-ms="24855" started-at="2021-03-14T23:32:46Z" finished-at="2021-03-14T23:33:11Z">
      <class name="com.inetbanking.testCases.TC_LoginTest_001">
        <test-method status="PASS" signature="setUp(java.lang.String)[pri:0, instance:com.inetbanking.testCases.TC_LoginTest_001@6a024a67]" name="setUp" is-config="true" duration-ms="5664" started-at="2021-03-14T23:32:46Z" finished-at="2021-03-14T23:32:52Z">
          <params>
            <param index="0">
              <value>
                <![CDATA[chrome]]>
              </value>
            </param>
          </params>
          <reporter-output>
          </reporter-output>
        </test-method> <!-- setUp -->
        <test-method status="PASS" signature="loginTest()[pri:0, instance:com.inetbanking.testCases.TC_LoginTest_001@6a024a67]" name="loginTest" duration-ms="1209" started-at="2021-03-14T23:32:52Z" finished-at="2021-03-14T23:32:53Z">
          <reporter-output>
          </reporter-output>
        </test-method> <!-- loginTest -->
        <test-method status="PASS" signature="tearDown()[pri:0, instance:com.inetbanking.testCases.TC_LoginTest_001@6a024a67]" name="tearDown" is-config="true" duration-ms="170" started-at="2021-03-14T23:32:53Z" finished-at="2021-03-14T23:32:53Z">
          <reporter-output>
          </reporter-output>
        </test-method> <!-- tearDown -->
      </class> <!-- com.inetbanking.testCases.TC_LoginTest_001 -->
      <class name="com.inetbanking.testCases.TC_AddCustomerTest_003">
        <test-method status="PASS" signature="setUp(java.lang.String)[pri:0, instance:com.inetbanking.testCases.TC_AddCustomerTest_003@7921b0a2]" name="setUp" is-config="true" duration-ms="3416" started-at="2021-03-14T23:32:53Z" finished-at="2021-03-14T23:32:57Z">
          <params>
            <param index="0">
              <value>
                <![CDATA[chrome]]>
              </value>
            </param>
          </params>
          <reporter-output>
          </reporter-output>
        </test-method> <!-- setUp -->
        <test-method status="PASS" signature="addNewCustomer()[pri:0, instance:com.inetbanking.testCases.TC_AddCustomerTest_003@7921b0a2]" name="addNewCustomer" duration-ms="13899" started-at="2021-03-14T23:32:57Z" finished-at="2021-03-14T23:33:11Z">
          <reporter-output>
          </reporter-output>
        </test-method> <!-- addNewCustomer -->
        <test-method status="PASS" signature="tearDown()[pri:0, instance:com.inetbanking.testCases.TC_AddCustomerTest_003@7921b0a2]" name="tearDown" is-config="true" duration-ms="82" started-at="2021-03-14T23:33:11Z" finished-at="2021-03-14T23:33:11Z">
          <reporter-output>
          </reporter-output>
        </test-method> <!-- tearDown -->
      </class> <!-- com.inetbanking.testCases.TC_AddCustomerTest_003 -->
    </test> <!-- BankingApp Test -->
  </suite> <!-- InetBankingV1 -->
</testng-results>
