<?xml version="1.0" encoding="UTF-8"?>
<testng-results skipped="0" failed="0" ignored="0" total="2" passed="2">
  <reporter-output>
  </reporter-output>
  <suite name="InetBankingV1" duration-ms="30676" started-at="2021-03-10T23:25:43Z" finished-at="2021-03-10T23:26:13Z">
    <groups>
    </groups>
    <test name="BankingApp Test" duration-ms="30676" started-at="2021-03-10T23:25:43Z" finished-at="2021-03-10T23:26:13Z">
      <class name="com.inetbanking.testCases.TC_LoginTest_001">
        <test-method status="PASS" signature="setUp(java.lang.String)[pri:0, instance:com.inetbanking.testCases.TC_LoginTest_001@59494225]" name="setUp" is-config="true" duration-ms="4623" started-at="2021-03-10T23:25:43Z" finished-at="2021-03-10T23:25:48Z">
          <params>
            <param index="0">
              <value>
                <![CDATA[chrome]]>
              </value>
            </param>
          </params>
          <reporter-output>
          </reporter-output>
        </test-method> <!-- setUp -->
        <test-method status="PASS" signature="loginTest()[pri:0, instance:com.inetbanking.testCases.TC_LoginTest_001@59494225]" name="loginTest" duration-ms="2020" started-at="2021-03-10T23:25:48Z" finished-at="2021-03-10T23:25:50Z">
          <reporter-output>
          </reporter-output>
        </test-method> <!-- loginTest -->
        <test-method status="PASS" signature="tearDown()[pri:0, instance:com.inetbanking.testCases.TC_LoginTest_001@59494225]" name="tearDown" is-config="true" duration-ms="133" started-at="2021-03-10T23:25:50Z" finished-at="2021-03-10T23:25:50Z">
          <reporter-output>
          </reporter-output>
        </test-method> <!-- tearDown -->
      </class> <!-- com.inetbanking.testCases.TC_LoginTest_001 -->
      <class name="com.inetbanking.testCases.TC_AddCustomerTest_003">
        <test-method status="PASS" signature="setUp(java.lang.String)[pri:0, instance:com.inetbanking.testCases.TC_AddCustomerTest_003@6e1567f1]" name="setUp" is-config="true" duration-ms="3423" started-at="2021-03-10T23:25:50Z" finished-at="2021-03-10T23:25:53Z">
          <params>
            <param index="0">
              <value>
                <![CDATA[chrome]]>
              </value>
            </param>
          </params>
          <reporter-output>
          </reporter-output>
        </test-method> <!-- setUp -->
        <test-method status="PASS" signature="addNewCustomer()[pri:0, instance:com.inetbanking.testCases.TC_AddCustomerTest_003@6e1567f1]" name="addNewCustomer" duration-ms="19901" started-at="2021-03-10T23:25:53Z" finished-at="2021-03-10T23:26:13Z">
          <reporter-output>
          </reporter-output>
        </test-method> <!-- addNewCustomer -->
        <test-method status="PASS" signature="tearDown()[pri:0, instance:com.inetbanking.testCases.TC_AddCustomerTest_003@6e1567f1]" name="tearDown" is-config="true" duration-ms="92" started-at="2021-03-10T23:26:13Z" finished-at="2021-03-10T23:26:13Z">
          <reporter-output>
          </reporter-output>
        </test-method> <!-- tearDown -->
      </class> <!-- com.inetbanking.testCases.TC_AddCustomerTest_003 -->
    </test> <!-- BankingApp Test -->
  </suite> <!-- InetBankingV1 -->
</testng-results>
